usage: torchrun [-h] [--nnodes NNODES] [--nproc_per_node NPROC_PER_NODE]
                [--rdzv_backend RDZV_BACKEND] [--rdzv_endpoint RDZV_ENDPOINT]
                [--rdzv_id RDZV_ID] [--rdzv_conf RDZV_CONF] [--standalone]
                [--max_restarts MAX_RESTARTS]
                [--monitor_interval MONITOR_INTERVAL]
                [--start_method {spawn,fork,forkserver}] [--role ROLE] [-m]
                [--no_python] [--run_path] [--log_dir LOG_DIR] [-r REDIRECTS]
                [-t TEE] [--node_rank NODE_RANK] [--master_addr MASTER_ADDR]
                [--master_port MASTER_PORT]
                training_script ...
usage: torchrun [-h] [--nnodes NNODES] [--nproc_per_node NPROC_PER_NODE]
                [--rdzv_backend RDZV_BACKEND] [--rdzv_endpoint RDZV_ENDPOINT]
                [--rdzv_id RDZV_ID] [--rdzv_conf RDZV_CONF] [--standalone]
                [--max_restarts MAX_RESTARTS]
                [--monitor_interval MONITOR_INTERVAL]
                [--start_method {spawn,fork,forkserver}] [--role ROLE] [-m]
                [--no_python] [--run_path] [--log_dir LOG_DIR] [-r REDIRECTS]
                [-t TEE] [--node_rank NODE_RANK] [--master_addr MASTER_ADDR]
                [--master_port MASTER_PORT]
                training_script ...
usage: torchrun [-h] [--nnodes NNODES] [--nproc_per_node NPROC_PER_NODE]
                [--rdzv_backend RDZV_BACKEND] [--rdzv_endpoint RDZV_ENDPOINT]
                [--rdzv_id RDZV_ID] [--rdzv_conf RDZV_CONF] [--standalone]
                [--max_restarts MAX_RESTARTS]
                [--monitor_interval MONITOR_INTERVAL]
                [--start_method {spawn,fork,forkserver}] [--role ROLE] [-m]
                [--no_python] [--run_path] [--log_dir LOG_DIR] [-r REDIRECTS]
                [-t TEE] [--node_rank NODE_RANK] [--master_addr MASTER_ADDR]
                [--master_port MASTER_PORT]
                training_script ...
usage: torchrun [-h] [--nnodes NNODES] [--nproc_per_node NPROC_PER_NODE]
                [--rdzv_backend RDZV_BACKEND] [--rdzv_endpoint RDZV_ENDPOINT]
                [--rdzv_id RDZV_ID] [--rdzv_conf RDZV_CONF] [--standalone]
                [--max_restarts MAX_RESTARTS]
                [--monitor_interval MONITOR_INTERVAL]
                [--start_method {spawn,fork,forkserver}] [--role ROLE] [-m]
                [--no_python] [--run_path] [--log_dir LOG_DIR] [-r REDIRECTS]
                [-t TEE] [--node_rank NODE_RANK] [--master_addr MASTER_ADDR]
                [--master_port MASTER_PORT]
                training_script ...
torchrun: error: unrecognized arguments: --rdzv-backend=c10d --rdzv-endpoint=localhost:29501
usage: torchrun [-h] [--nnodes NNODES] [--nproc_per_node NPROC_PER_NODE]
                [--rdzv_backend RDZV_BACKEND] [--rdzv_endpoint RDZV_ENDPOINT]
                [--rdzv_id RDZV_ID] [--rdzv_conf RDZV_CONF] [--standalone]
                [--max_restarts MAX_RESTARTS]
                [--monitor_interval MONITOR_INTERVAL]
                [--start_method {spawn,fork,forkserver}] [--role ROLE] [-m]
                [--no_python] [--run_path] [--log_dir LOG_DIR] [-r REDIRECTS]
                [-t TEE] [--node_rank NODE_RANK] [--master_addr MASTER_ADDR]
                [--master_port MASTER_PORT]
                training_script ...
torchrun: error: unrecognized arguments: --rdzv-backend=c10d --rdzv-endpoint=localhost:29501
usage: torchrun [-h] [--nnodes NNODES] [--nproc_per_node NPROC_PER_NODE]
                [--rdzv_backend RDZV_BACKEND] [--rdzv_endpoint RDZV_ENDPOINT]
                [--rdzv_id RDZV_ID] [--rdzv_conf RDZV_CONF] [--standalone]
                [--max_restarts MAX_RESTARTS]
                [--monitor_interval MONITOR_INTERVAL]
                [--start_method {spawn,fork,forkserver}] [--role ROLE] [-m]
                [--no_python] [--run_path] [--log_dir LOG_DIR] [-r REDIRECTS]
                [-t TEE] [--node_rank NODE_RANK] [--master_addr MASTER_ADDR]
                [--master_port MASTER_PORT]
                training_script ...
torchrun: error: unrecognized arguments: --rdzv-backend=c10d --rdzv-endpoint=localhost:29501
torchrun: error: unrecognized arguments: --rdzv-backend=c10d --rdzv-endpoint=localhost:29501
torchrun: error: unrecognized arguments: --rdzv-backend=c10d --rdzv-endpoint=localhost:29501
torchrun: error: unrecognized arguments: --rdzv-backend=c10d --rdzv-endpoint=localhost:29501
srun: error: ouga14: tasks 0-5: Exited with exit code 2
